0 info it worked if it ends with ok
1 verbose cli [ 'node', '/usr/local/bin/npm', 'install', 'bootstrap3' ]
2 info using npm@1.4.23
3 info using node@v0.10.31
4 warn package.json minimal@0.1.0 No description
5 warn package.json minimal@0.1.0 No repository field.
6 warn package.json minimal@0.1.0 No README data
7 verbose readDependencies using package.json deps
8 verbose cache add [ 'bootstrap3', null ]
9 verbose cache add name=undefined spec="bootstrap3" args=["bootstrap3",null]
10 verbose parsed url { protocol: null,
10 verbose parsed url   slashes: null,
10 verbose parsed url   auth: null,
10 verbose parsed url   host: null,
10 verbose parsed url   port: null,
10 verbose parsed url   hostname: null,
10 verbose parsed url   hash: null,
10 verbose parsed url   search: null,
10 verbose parsed url   query: null,
10 verbose parsed url   pathname: 'bootstrap3',
10 verbose parsed url   path: 'bootstrap3',
10 verbose parsed url   href: 'bootstrap3' }
11 silly lockFile 321c9074-bootstrap3 bootstrap3
12 verbose lock bootstrap3 /Users/Octopus/.npm/321c9074-bootstrap3.lock
13 silly lockFile 321c9074-bootstrap3 bootstrap3
14 silly lockFile 321c9074-bootstrap3 bootstrap3
15 verbose addNamed [ 'bootstrap3', '' ]
16 verbose addNamed [ null, '*' ]
17 silly lockFile b40a427c-bootstrap3 bootstrap3@
18 verbose lock bootstrap3@ /Users/Octopus/.npm/b40a427c-bootstrap3.lock
19 silly addNameRange { name: 'bootstrap3', range: '*', hasData: false }
20 verbose request where is /bootstrap3
21 verbose request registry https://registry.npmjs.org/
22 verbose request id 17c75190cf5a6ba9
23 verbose url raw /bootstrap3
24 verbose url resolving [ 'https://registry.npmjs.org/', './bootstrap3' ]
25 verbose url resolved https://registry.npmjs.org/bootstrap3
26 verbose request where is https://registry.npmjs.org/bootstrap3
27 info trying registry request attempt 1 at 17:05:47
28 http GET https://registry.npmjs.org/bootstrap3
29 http 404 https://registry.npmjs.org/bootstrap3
30 verbose headers { date: 'Thu, 18 Sep 2014 14:05:48 GMT',
30 verbose headers   server: 'CouchDB/1.5.0 (Erlang OTP/R16B03)',
30 verbose headers   'content-type': 'application/json',
30 verbose headers   'cache-control': 'max-age=0',
30 verbose headers   'content-length': '52',
30 verbose headers   'accept-ranges': 'bytes',
30 verbose headers   via: '1.1 varnish',
30 verbose headers   age: '0',
30 verbose headers   'x-served-by': 'cache-fra1224-FRA',
30 verbose headers   'x-cache': 'MISS',
30 verbose headers   'x-cache-hits': '0',
30 verbose headers   'x-timer': 'S1411049147.984306,VS0,VE179',
30 verbose headers   'keep-alive': 'timeout=10, max=50',
30 verbose headers   connection: 'Keep-Alive' }
31 silly registry.get cb [ 404,
31 silly registry.get   { date: 'Thu, 18 Sep 2014 14:05:48 GMT',
31 silly registry.get     server: 'CouchDB/1.5.0 (Erlang OTP/R16B03)',
31 silly registry.get     'content-type': 'application/json',
31 silly registry.get     'cache-control': 'max-age=0',
31 silly registry.get     'content-length': '52',
31 silly registry.get     'accept-ranges': 'bytes',
31 silly registry.get     via: '1.1 varnish',
31 silly registry.get     age: '0',
31 silly registry.get     'x-served-by': 'cache-fra1224-FRA',
31 silly registry.get     'x-cache': 'MISS',
31 silly registry.get     'x-cache-hits': '0',
31 silly registry.get     'x-timer': 'S1411049147.984306,VS0,VE179',
31 silly registry.get     'keep-alive': 'timeout=10, max=50',
31 silly registry.get     connection: 'Keep-Alive' } ]
32 silly lockFile b40a427c-bootstrap3 bootstrap3@
33 silly lockFile b40a427c-bootstrap3 bootstrap3@
34 error 404 404 Not Found: bootstrap3
34 error 404
34 error 404 'bootstrap3' is not in the npm registry.
34 error 404 You should bug the author to publish it
34 error 404 It was specified as a dependency of 'minimal'
34 error 404
34 error 404 Note that you can also install from a
34 error 404 tarball, folder, or http url, or git url.
35 error System Darwin 13.3.0
36 error command "node" "/usr/local/bin/npm" "install" "bootstrap3"
37 error cwd /Users/Octopus/Dropbox/git/minimal
38 error node -v v0.10.31
39 error npm -v 1.4.23
40 error code E404
41 verbose exit [ 1, true ]
